<?xml version="1.0" encoding="UTF-8"?>
<!-- Generated by org.testng.reporters.JUnitReportReporter -->
<testsuite hostname="romilskr3" failures="0" tests="1" name="SwagLabsE2E.SwagLabsLoginPage" time="2.944" errors="0" timestamp="2023-02-06T15:22:44 GMT" skipped="0">
  <testcase classname="SwagLabsE2E.SwagLabsLoginPage" name="PageObjects" time="2.944"/>
  <system-out/>
</testsuite> <!-- SwagLabsE2E.SwagLabsLoginPage -->
