<?xml version="1.0" encoding="UTF-8"?>
<!-- Generated by org.testng.reporters.JUnitReportReporter -->
<testsuite hostname="romilskr3" failures="0" tests="1" name="SwagLabsE2E.InventoryPageTest" time="4.708" errors="0" timestamp="2023-02-08T02:49:20 GMT" skipped="0">
  <testcase classname="SwagLabsE2E.InventoryPageTest" name="AddToCart" time="4.708"/>
  <system-out/>
</testsuite> <!-- SwagLabsE2E.InventoryPageTest -->
