<?xml version="1.0" encoding="UTF-8"?>
<!-- Generated by org.testng.reporters.JUnitReportReporter -->
<testsuite hostname="romilskr3" failures="0" tests="2" name="SwagLabsE2E.LoginPageTest" time="5.249" errors="0" timestamp="2023-02-07T01:40:45 GMT" skipped="0">
  <testcase classname="SwagLabsE2E.LoginPageTest" name="standard_user_login" time="1.665"/>
  <system-out/>
  <testcase classname="SwagLabsE2E.LoginPageTest" name="locked_out_login" time="3.584"/>
  <system-out/>
</testsuite> <!-- SwagLabsE2E.LoginPageTest -->
